[LOG] System::create                           : Header version = 1.10.00. Current version = 1.10.00.
[LOG] SystemI::setOutputInternal               : Setting output to type 0
[LOG] Manager::init                            : maxchannels = 1024 studioflags = 00000009 flags 00000000 extradriverdata 0000000000000000.
[LOG] SystemI::init                            : FMOD Studio Version: 00011000 (90329)
[LOG] SystemI::init                            : maxchannels = 1024, flags = 00030000, extradriverdata = 0000000000000000
[LOG] SystemI::setOutputInternal               : Setting output to type 8
[LOG] SystemI::setOutputInternal               : Setting output to type 8
[LOG] SystemI::setOutputInternal               : Setting output to type 8
[LOG] OutputWASAPI::init                       : Mix Format (WAVEFORMATEX): wFormatTag=0xFFFE, nChannels=2, nSamplesPerSec=48000, nAvgBytesPerSec=384000, nBlockAlign=8, wBitsPerSample=32, cbSize=22.
[LOG] OutputWASAPI::init                       : Mix Format (WAVEFORMATEXTENSIBLE): wValidBitsPerSample=32, dwChannelMask=0x00000003, SubFormat=00000003-0000-0010-8000-00AA00389B71.
[LOG] OutputWASAPI::init                       : Output buffer size: 4096 samples, latency: 0.00ms, period: 10.00ms, DSP buffer: 1024 * 4
[LOG] SystemI::init                            : Create master channel group and master sound group.
[LOG] SystemI::init                            : Set up emulated output.  1024 channels
[LOG] SystemI::init                            : create the channel pool
[LOG] SystemI::init                            : create the stream thread
[LOG] Thread::initThread                       : Init FMOD stream thread. Priority: 2, Stack Size: 65536, Semaphore: No, Sleep Time: 10, Looping: Yes.
[LOG] SystemI::DSPCodecPoolRegister            : register codec pool for pool type 5
[LOG] Thread::initThread                       : Init FMOD mixer thread. Priority: 3, Stack Size: 49152, Semaphore: No, Sleep Time: 0, Looping: Yes.
[LOG] AsyncManager::init                       : manager 000000018A9ACA48 isAsync 1 updatePeriod 0.02
[LOG] Thread::initThread                       : Init FMOD Studio update thread. Priority: 0, Stack Size: 65536, Semaphore: No, Sleep Time: 1, Looping: No.
[LOG] AsyncManager::init                       : done
[LOG] PlaybackSystem::init                     : 
[LOG] Thread::initThread                       : Init FMOD Studio sample load thread. Priority: 0, Stack Size: 65536, Semaphore: No, Sleep Time: 1, Looping: No.
[LOG] PlaybackSystem::init                     : done
[LOG] LiveUpdate::init                         : 
[LOG] Thread::initThread                       : Init FMOD Studio bank load thread. Priority: 0, Stack Size: 65536, Semaphore: No, Sleep Time: 1, Looping: No.
[LOG] Manager::init                            : done.
[LOG] Profile::init                            : Profiler listening on port: 9264
[LOG] Manager::readBank                        : fileversion = 99, compatVersion = 99 (oldest = 44, newest = 99)
[LOG] Manager::readBank                        : fileversion = 99, compatVersion = 99 (oldest = 44, newest = 99)
[LOG] PlaybackSystem::acquireMasterBus         : Setting master channel group format to 6
[LOG] SystemI::createSound                     : filename = Assets\FMOD_TEMPLATE\Build\Desktop/Master Bank.bank : mode 02010082
[LOG] SystemI::createSound                     : FMOD_NONBLOCKING specified.  Putting into queue to be opened asynchronously!
[LOG] Thread::initThread                       : Init FMOD nonblocking thread (0). Priority: 1, Stack Size: 81920, Semaphore: Yes, Sleep Time: 0, Looping: Yes.
[LOG] SystemI::createSound                     : setdata soundi = 00000001873D8728 : node = 000000018AC88140
[LOG] SystemI::createSound                     : add node to async list : head = 00000001867DFAB8.  list count = 0
[LOG] AsyncThread::threadFunc                  : Starting Asynchronous operation on sound 00000001873D8728
[LOG] SystemI::createSoundInternal             :     filename = Assets\FMOD_TEMPLATE\Build\Desktop/Master Bank.bank : mode 02010082
[LOG] SystemI::createSound                     :     filename = Assets\FMOD_TEMPLATE\Build\Desktop/Master Bank.bank : mode 02010082
[LOG] SystemI::createSoundInternal             :     exinfo->cbsize             = 232
[LOG] SystemI::createSound                     :     FMOD_NONBLOCKING specified.  Putting into queue to be opened asynchronously!
[LOG] SystemI::createSoundInternal             :     exinfo->length             = 62237344
[LOG] SystemI::createSound                     :     setdata soundi = 00000001873D8F98 : node = 000000018AC876C0
[LOG] SystemI::createSoundInternal             :     exinfo->fileoffset         = 159872
[LOG] SystemI::createSound                     :     add node to async list : head = 00000001867DFAB8.  list count = 0
[LOG] SystemI::createSoundInternal             :     exinfo->numsubsounds       = 1
[LOG] SystemI::createSoundInternal             :     exinfo->inclusionlist      = 000000018AC88258
[LOG] SystemI::createSoundInternal             :     exinfo->inclusionlistnum   = 1
[LOG] SystemI::createSoundInternal             :     exinfo->suggestedsoundtype = 5
[LOG] SystemI::createSoundInternal             :     exinfo->initialseekpostype = 1
[LOG] SystemI::createSound                     :     filename = Assets\FMOD_TEMPLATE\Build\Desktop/Master Bank.bank : mode 02010082
[LOG] SystemI::createSound                     :     FMOD_NONBLOCKING specified.  Putting into queue to be opened asynchronously!
[LOG] SystemI::createSound                     :     setdata soundi = 00000001873D8C38 : node = 000000018AC87570
[LOG] SystemI::createSound                     :     add node to async list : head = 00000001867DFAB8.  list count = 1
[LOG] SystemI::createSound                     :     filename = Assets\FMOD_TEMPLATE\Build\Desktop/Master Bank.bank : mode 02010082
[LOG] SystemI::createSound                     :     FMOD_NONBLOCKING specified.  Putting into queue to be opened asynchronously!
[LOG] SystemI::createSound                     :     setdata soundi = 00000001873D88D8 : node = 000000018AC87D50
[LOG] SystemI::createSound                     :     add node to async list : head = 00000001867DFAB8.  list count = 2
[LOG] SystemI::createSound                     :     filename = Assets\FMOD_TEMPLATE\Build\Desktop/Master Bank.bank : mode 02010082
[LOG] SystemI::createSound                     :     FMOD_NONBLOCKING specified.  Putting into queue to be opened asynchronously!
[LOG] SystemI::createSound                     :     setdata soundi = 00000001873D8218 : node = 000000018AC88680
[LOG] SystemI::createSound                     :     add node to async list : head = 00000001867DFAB8.  list count = 3
[LOG] SystemI::createSound                     :     filename = Assets\FMOD_TEMPLATE\Build\Desktop/Master Bank.bank : mode 02010082
[LOG] SystemI::createSound                     :     FMOD_NONBLOCKING specified.  Putting into queue to be opened asynchronously!
[LOG] SystemI::createSound                     :     setdata soundi = 00000001873D8A88 : node = 000000018AC87EA0
[LOG] SystemI::createSound                     :     add node to async list : head = 00000001867DFAB8.  list count = 4
[LOG] SystemI::createSound                     :     filename = Assets\FMOD_TEMPLATE\Build\Desktop/Master Bank.bank : mode 02010082
[LOG] SystemI::createSound                     :     FMOD_NONBLOCKING specified.  Putting into queue to be opened asynchronously!
[LOG] SystemI::createSound                     :     setdata soundi = 00000001873D83C8 : node = 000000018AC88E60
[LOG] SystemI::createSound                     :     add node to async list : head = 00000001867DFAB8.  list count = 5
[LOG] SystemI::createSound                     :     filename = Assets\FMOD_TEMPLATE\Build\Desktop/Master Bank.bank : mode 02010082
[LOG] SystemI::createSound                     :     FMOD_NONBLOCKING specified.  Putting into queue to be opened asynchronously!
[LOG] SystemI::createSound                     :     setdata soundi = 00000001873D9148 : node = 000000018AC88FB0
[LOG] SystemI::createSound                     :     add node to async list : head = 00000001867DFAB8.  list count = 6
[LOG] SystemI::createSound                     :     filename = Assets\FMOD_TEMPLATE\Build\Desktop/Master Bank.bank : mode 02010082
[LOG] SystemI::createSound                     :     FMOD_NONBLOCKING specified.  Putting into queue to be opened asynchronously!
[LOG] SystemI::createSound                     :     setdata soundi = 00000001873D8578 : node = 000000018AC87810
[LOG] SystemI::createSound                     :     add node to async list : head = 00000001867DFAB8.  list count = 7
[LOG] SystemI::createSound                     :     filename = Assets\FMOD_TEMPLATE\Build\Desktop/Master Bank.bank : mode 02010082
[LOG] SystemI::createSound                     :     FMOD_NONBLOCKING specified.  Putting into queue to be opened asynchronously!
[LOG] SystemI::createSound                     :     setdata soundi = 00000001873D8DE8 : node = 000000018AC87AB0
[LOG] SystemI::createSound                     :     add node to async list : head = 00000001867DFAB8.  list count = 8
[LOG] SystemI::createSound                     :     filename = Assets\FMOD_TEMPLATE\Build\Desktop/Master Bank.bank : mode 02010082
[LOG] SystemI::createSound                     :     FMOD_NONBLOCKING specified.  Putting into queue to be opened asynchronously!
[LOG] SystemI::createSound                     :     setdata soundi = 00000001873D92F8 : node = 000000018AC88290
[LOG] SystemI::createSound                     :     add node to async list : head = 00000001867DFAB8.  list count = 9
[LOG] SystemI::createSound                     :     filename = Assets\FMOD_TEMPLATE\Build\Desktop/Master Bank.bank : mode 02010082
[LOG] SystemI::createSound                     :     FMOD_NONBLOCKING specified.  Putting into queue to be opened asynchronously!
[LOG] SystemI::createSound                     :     setdata soundi = 00000001873D9B68 : node = 000000018AC87180
[LOG] SystemI::createSound                     :     add node to async list : head = 00000001867DFAB8.  list count = 10
[LOG] SystemI::createSound                     :     filename = Assets\FMOD_TEMPLATE\Build\Desktop/Master Bank.bank : mode 02010082
[LOG] SystemI::createSound                     :     FMOD_NONBLOCKING specified.  Putting into queue to be opened asynchronously!
[LOG] SystemI::createSound                     :     setdata soundi = 00000001873D94A8 : node = 000000018AC88A70
[LOG] SystemI::createSound                     :     add node to async list : head = 00000001867DFAB8.  list count = 11
[LOG] SystemI::createSound                     :     filename = Assets\FMOD_TEMPLATE\Build\Desktop/Master Bank.bank : mode 02010082
[LOG] SystemI::createSound                     :     FMOD_NONBLOCKING specified.  Putting into queue to be opened asynchronously!
[LOG] SystemI::createSound                     :     setdata soundi = 00000001873D9658 : node = 000000018AC87FF0
[LOG] SystemI::createSound                     :     add node to async list : head = 00000001867DFAB8.  list count = 12
[LOG] SystemI::createSound                     :     filename = Assets\FMOD_TEMPLATE\Build\Desktop/Master Bank.bank : mode 02010082
[LOG] SystemI::createSound                     :     FMOD_NONBLOCKING specified.  Putting into queue to be opened asynchronously!
[LOG] SystemI::createSound                     :     setdata soundi = 0000000138F9F748 : node = 000000018AC887D0
[LOG] SystemI::createSound                     :     add node to async list : head = 00000001867DFAB8.  list count = 13
[LOG] SystemI::createSound                     :     filename = Assets\FMOD_TEMPLATE\Build\Desktop/Master Bank.bank : mode 02010082
[LOG] SystemI::createSound                     :     FMOD_NONBLOCKING specified.  Putting into queue to be opened asynchronously!
[LOG] SystemI::createSound                     :     setdata soundi = 0000000138FA0678 : node = 000000018AC87420
[LOG] SystemI::createSound                     :     add node to async list : head = 00000001867DFAB8.  list count = 14
[LOG] SystemI::createSoundInternal             :     Format has 1 subsounds.
[LOG] SystemI::createSoundInternal             :     Create as FMOD_CREATESTREAM
[LOG] System::createSoundInternal              :     decode buffersize = 19200 : blocksize = 256 : format = 2
[LOG] SystemI::createSample                    :     mode 02010082 length 19200 samples, lengthbytes 852992
[LOG] SystemI::createSample                    :     channels = 2
[LOG] SystemI::createSample                    :     output = 0000000138E84A58
[LOG] OutputSoftware::createSample             :     lengthpcm 19200, lengthbytes 852992, channels 2, format 2, freq 48000, mode 0201008a
[LOG] System::createSoundInternal              :     1 subsounds detected.
[LOG] System::createSoundInternal              :     Seek stream to start
[LOG] System::createSoundInternal              :     flush stream buffer
[LOG] System::createSoundInternal              :     flush successful.
[LOG] System::createSoundInternal              :     switch file handle from small blocking single buffered to large nonblocking doublebuffered.
[LOG] Thread::initThread                       :         Init FMOD file thread. Priority: 1, Stack Size: 16384, Semaphore: No, Sleep Time: 10, Looping: Yes.
[LOG] SystemI::createSoundInternal             :         filename =  : mode 02000202
[LOG] SystemI::createSoundInternal             :         exinfo->cbsize             = 232
[LOG] SystemI::createSoundInternal             :         exinfo->length             = 62237344
[LOG] SystemI::createSoundInternal             :         exinfo->fileoffset         = 159872
[LOG] SystemI::createSoundInternal             :         exinfo->numsubsounds       = 1
[LOG] SystemI::createSoundInternal             :         exinfo->inclusionlist      = 00000001ECD9F5FC
[LOG] SystemI::createSoundInternal             :         exinfo->inclusionlistnum   = 1
[LOG] SystemI::createSoundInternal             :         exinfo->suggestedsoundtype = 5
[LOG] SystemI::createSoundInternal             :         exinfo->useropen           = 00007FF9E0B85C70
[LOG] SystemI::createSoundInternal             :         exinfo->userclose          = 00007FF9E0B85C40
[LOG] SystemI::createSoundInternal             :         exinfo->userread           = 00007FF9E0B85D40
[LOG] SystemI::createSoundInternal             :         exinfo->userseek           = 00007FF9E0B85DF0
[LOG] SystemI::createSoundInternal             :         exinfo->fileuserdata       = 000000018746B848
[LOG] SystemI::createSoundInternal             :         exinfo->initialseekpostype = 1
[LOG] SystemI::DSPCodecPoolRegister            :         register codec pool for pool type 5
[LOG] SystemI::createSoundInternal             :         Format has 1 subsounds.
[LOG] SystemI::createSoundInternal             :         Create as FMOD_CREATESAMPLE
[LOG] SystemI::createSoundInternal             :         Multi-sample sound (1 subsounds), create a sample container.
[LOG] SystemI::createSoundInternal             :         creating subsound 0/1
[LOG] SystemI::createSample                    :         mode 02000202 length 270866 samples, lengthbytes 54528
[LOG] SystemI::createSample                    :         channels = 2
[LOG] SystemI::createSample                    :         output = 0000000138E84A58
[LOG] OutputSoftware::createSample             :         lengthpcm 270866, lengthbytes 54528, channels 2, format 2, freq 48000, mode 0200020a
[LOG] SystemI::createSoundInternal             :         No name found in file, use filename.
[LOG] SystemI::createSoundInternal             :         done.  OpenState now = FMOD_OPENSTATE_READY.

[LOG] SystemI::createSoundInternal             :         filename =  : mode 02000202
[LOG] SystemI::createSoundInternal             :         exinfo->cbsize             = 232
[LOG] SystemI::createSoundInternal             :         exinfo->length             = 62237344
[LOG] SystemI::createSoundInternal             :         exinfo->fileoffset         = 159872
[LOG] SystemI::createSoundInternal             :         exinfo->numsubsounds       = 1
[LOG] SystemI::createSoundInternal             :         exinfo->inclusionlist      = 00000001ECD9F5FC
[LOG] SystemI::createSoundInternal             :         exinfo->inclusionlistnum   = 1
[LOG] SystemI::createSoundInternal             :         exinfo->suggestedsoundtype = 5
[LOG] SystemI::createSoundInternal             :         exinfo->useropen           = 00007FF9E0B85C70
[LOG] SystemI::createSoundInternal             :         exinfo->userclose          = 00007FF9E0B85C40
[LOG] SystemI::createSoundInternal             :         exinfo->userread           = 00007FF9E0B85D40
[LOG] SystemI::createSoundInternal             :         exinfo->userseek           = 00007FF9E0B85DF0
[LOG] SystemI::createSoundInternal             :         exinfo->fileuserdata       = 000000018746B848
[LOG] SystemI::createSoundInternal             :         exinfo->initialseekpostype = 1
[LOG] SystemI::DSPCodecPoolRegister            :         register codec pool for pool type 5
[LOG] SystemI::createSoundInternal             :         Format has 1 subsounds.
[LOG] SystemI::createSoundInternal             :         Create as FMOD_CREATESAMPLE
[LOG] SystemI::createSoundInternal             :         Multi-sample sound (1 subsounds), create a sample container.
[LOG] SystemI::createSoundInternal             :         creating subsound 0/1
[LOG] SystemI::createSample                    :         mode 02000202 length 308415 samples, lengthbytes 67296
[LOG] SystemI::createSample                    :         channels = 2
[LOG] SystemI::createSample                    :         output = 0000000138E84A58
[LOG] OutputSoftware::createSample             :         lengthpcm 308415, lengthbytes 67296, channels 2, format 2, freq 48000, mode 0200020a
[LOG] SystemI::createSoundInternal             :         No name found in file, use filename.
[LOG] SystemI::createSoundInternal             :         done.  OpenState now = FMOD_OPENSTATE_READY.

[LOG] SystemI::createSoundInternal             :     done.  OpenState now = FMOD_OPENSTATE_READY.

[LOG] AsyncThread::threadFunc                  : Finished Asynchronous operation on sound 00000001873D8728
[LOG] AsyncThread::threadFunc                  : Starting Asynchronous operation on sound 00000001873D8F98
[LOG] SystemI::createSoundInternal             :     filename = Assets\FMOD_TEMPLATE\Build\Desktop/Master Bank.bank : mode 02010082
[LOG] SystemI::createSoundInternal             :     exinfo->cbsize             = 232
[LOG] SystemI::createSoundInternal             :     exinfo->length             = 62237344
[LOG] SystemI::createSoundInternal             :     exinfo->fileoffset         = 159872
[LOG] SystemI::createSoundInternal             :     exinfo->numsubsounds       = 1
[LOG] SystemI::createSoundInternal             :     exinfo->inclusionlist      = 000000018AC877D8
[LOG] SystemI::createSoundInternal             :     exinfo->inclusionlistnum   = 1
[LOG] SystemI::createSoundInternal             :     exinfo->suggestedsoundtype = 5
[LOG] SystemI::createSoundInternal             :     exinfo->initialseekpostype = 1
[LOG] SystemI::createSoundInternal             :     Format has 1 subsounds.
[LOG] SystemI::createSoundInternal             :     Create as FMOD_CREATESTREAM
[LOG] System::createSoundInternal              :     decode buffersize = 19200 : blocksize = 256 : format = 2
[LOG] SystemI::createSample                    :     mode 02010082 length 19200 samples, lengthbytes 852992
[LOG] SystemI::createSample                    :     channels = 2
[LOG] SystemI::createSample                    :     output = 0000000138E84A58
[LOG] OutputSoftware::createSample             :     lengthpcm 19200, lengthbytes 852992, channels 2, format 2, freq 48000, mode 0201008a
[LOG] System::createSoundInternal              :     1 subsounds detected.
[LOG] System::createSoundInternal              :     Seek stream to start
[LOG] System::createSoundInternal              :     flush stream buffer
[LOG] System::createSoundInternal              :     flush successful.
[LOG] System::createSoundInternal              :     switch file handle from small blocking single buffered to large nonblocking doublebuffered.
[LOG] SystemI::createSoundInternal             :     done.  OpenState now = FMOD_OPENSTATE_READY.

[LOG] AsyncThread::threadFunc                  : Finished Asynchronous operation on sound 00000001873D8F98
[LOG] AsyncThread::threadFunc                  : Starting Asynchronous operation on sound 00000001873D8C38
[LOG] SystemI::createSoundInternal             :     filename = Assets\FMOD_TEMPLATE\Build\Desktop/Master Bank.bank : mode 02010082
[LOG] SystemI::createSoundInternal             :     exinfo->cbsize             = 232
[LOG] SystemI::createSoundInternal             :     exinfo->length             = 62237344
[LOG] SystemI::createSoundInternal             :     exinfo->fileoffset         = 159872
[LOG] SystemI::createSoundInternal             :     exinfo->numsubsounds       = 1
[LOG] SystemI::createSoundInternal             :     exinfo->inclusionlist      = 000000018AC87688
[LOG] SystemI::createSoundInternal             :     exinfo->inclusionlistnum   = 1
[LOG] SystemI::createSoundInternal             :     exinfo->suggestedsoundtype = 5
[LOG] SystemI::createSoundInternal             :     exinfo->initialseekpostype = 1
[LOG] SystemI::createSoundInternal             :     Format has 1 subsounds.
[LOG] SystemI::createSoundInternal             :     Create as FMOD_CREATESTREAM
[LOG] System::createSoundInternal              :     decode buffersize = 19200 : blocksize = 256 : format = 2
[LOG] SystemI::createSample                    :     mode 02010082 length 19200 samples, lengthbytes 852992
[LOG] SystemI::createSample                    :     channels = 2
[LOG] SystemI::createSample                    :     output = 0000000138E84A58
[LOG] OutputSoftware::createSample             :     lengthpcm 19200, lengthbytes 852992, channels 2, format 2, freq 48000, mode 0201008a
[LOG] System::createSoundInternal              :     1 subsounds detected.
[LOG] System::createSoundInternal              :     Seek stream to start
[LOG] System::createSoundInternal              :     flush stream buffer
[LOG] System::createSoundInternal              :     flush successful.
[LOG] System::createSoundInternal              :     switch file handle from small blocking single buffered to large nonblocking doublebuffered.
[LOG] SystemI::createSoundInternal             :     done.  OpenState now = FMOD_OPENSTATE_READY.

[LOG] AsyncThread::threadFunc                  : Finished Asynchronous operation on sound 00000001873D8C38
[LOG] AsyncThread::threadFunc                  : Starting Asynchronous operation on sound 00000001873D88D8
[LOG] SystemI::createSoundInternal             :     filename = Assets\FMOD_TEMPLATE\Build\Desktop/Master Bank.bank : mode 02010082
[LOG] SystemI::createSoundInternal             :     exinfo->cbsize             = 232
[LOG] SystemI::createSoundInternal             :     exinfo->length             = 62237344
[LOG] SystemI::createSoundInternal             :     exinfo->fileoffset         = 159872
[LOG] SystemI::createSoundInternal             :     exinfo->numsubsounds       = 1
[LOG] SystemI::createSoundInternal             :     exinfo->inclusionlist      = 000000018AC87E68
[LOG] SystemI::createSoundInternal             :     exinfo->inclusionlistnum   = 1
[LOG] SystemI::createSoundInternal             :     exinfo->suggestedsoundtype = 5
[LOG] SystemI::createSoundInternal             :     exinfo->initialseekpostype = 1
[LOG] SystemI::createSoundInternal             :     Format has 1 subsounds.
[LOG] SystemI::createSoundInternal             :     Create as FMOD_CREATESTREAM
[LOG] System::createSoundInternal              :     decode buffersize = 19200 : blocksize = 256 : format = 2
[LOG] SystemI::createSample                    :     mode 02010082 length 19200 samples, lengthbytes 852992
[LOG] SystemI::createSample                    :     channels = 2
[LOG] SystemI::createSample                    :     output = 0000000138E84A58
[LOG] OutputSoftware::createSample             :     lengthpcm 19200, lengthbytes 852992, channels 2, format 2, freq 48000, mode 0201008a
[LOG] System::createSoundInternal              :     1 subsounds detected.
[LOG] System::createSoundInternal              :     Seek stream to start
[LOG] System::createSoundInternal              :     flush stream buffer
[LOG] System::createSoundInternal              :     flush successful.
[LOG] System::createSoundInternal              :     switch file handle from small blocking single buffered to large nonblocking doublebuffered.
[LOG] SystemI::createSoundInternal             :     done.  OpenState now = FMOD_OPENSTATE_READY.

[LOG] AsyncThread::threadFunc                  : Finished Asynchronous operation on sound 00000001873D88D8
[LOG] AsyncThread::threadFunc                  : Starting Asynchronous operation on sound 00000001873D8218
[LOG] SystemI::createSoundInternal             :     filename = Assets\FMOD_TEMPLATE\Build\Desktop/Master Bank.bank : mode 02010082
[LOG] SystemI::createSoundInternal             :     exinfo->cbsize             = 232
[LOG] SystemI::createSoundInternal             :     exinfo->length             = 62237344
[LOG] SystemI::createSoundInternal             :     exinfo->fileoffset         = 159872
[LOG] SystemI::createSoundInternal             :     exinfo->numsubsounds       = 1
[LOG] SystemI::createSoundInternal             :     exinfo->inclusionlist      = 000000018AC88798
[LOG] SystemI::createSoundInternal             :     exinfo->inclusionlistnum   = 1
[LOG] SystemI::createSoundInternal             :     exinfo->suggestedsoundtype = 5
[LOG] SystemI::createSoundInternal             :     exinfo->initialseekpostype = 1
[LOG] SystemI::createSoundInternal             :     Format has 1 subsounds.
[LOG] SystemI::createSoundInternal             :     Create as FMOD_CREATESTREAM
[LOG] System::createSoundInternal              :     decode buffersize = 19200 : blocksize = 256 : format = 2
[LOG] SystemI::createSample                    :     mode 02010082 length 19200 samples, lengthbytes 852992
[LOG] SystemI::createSample                    :     channels = 2
[LOG] SystemI::createSample                    :     output = 0000000138E84A58
[LOG] OutputSoftware::createSample             :     lengthpcm 19200, lengthbytes 852992, channels 2, format 2, freq 48000, mode 0201008a
[LOG] System::createSoundInternal              :     1 subsounds detected.
[LOG] System::createSoundInternal              :     Seek stream to start
[LOG] System::createSoundInternal              :     flush stream buffer
[LOG] System::createSoundInternal              :     flush successful.
[LOG] System::createSoundInternal              :     switch file handle from small blocking single buffered to large nonblocking doublebuffered.
[LOG] SystemI::createSoundInternal             :     done.  OpenState now = FMOD_OPENSTATE_READY.

[LOG] AsyncThread::threadFunc                  : Finished Asynchronous operation on sound 00000001873D8218
[LOG] AsyncThread::threadFunc                  : Starting Asynchronous operation on sound 00000001873D8A88
[LOG] SystemI::createSoundInternal             :     filename = Assets\FMOD_TEMPLATE\Build\Desktop/Master Bank.bank : mode 02010082
[LOG] SystemI::createSoundInternal             :     exinfo->cbsize             = 232
[LOG] SystemI::createSoundInternal             :     exinfo->length             = 62237344
[LOG] SystemI::createSoundInternal             :     exinfo->fileoffset         = 159872
[LOG] SystemI::createSoundInternal             :     exinfo->numsubsounds       = 1
[LOG] SystemI::createSoundInternal             :     exinfo->inclusionlist      = 000000018AC87FB8
[LOG] SystemI::createSoundInternal             :     exinfo->inclusionlistnum   = 1
[LOG] SystemI::createSoundInternal             :     exinfo->suggestedsoundtype = 5
[LOG] SystemI::createSoundInternal             :     exinfo->initialseekpostype = 1
[LOG] SystemI::createSoundInternal             :     Format has 1 subsounds.
[LOG] SystemI::createSoundInternal             :     Create as FMOD_CREATESTREAM
[LOG] System::createSoundInternal              :     decode buffersize = 19200 : blocksize = 256 : format = 2
[LOG] SystemI::createSample                    :     mode 02010082 length 19200 samples, lengthbytes 852992
[LOG] SystemI::createSample                    :     channels = 2
[LOG] SystemI::createSample                    :     output = 0000000138E84A58
[LOG] OutputSoftware::createSample             :     lengthpcm 19200, lengthbytes 852992, channels 2, format 2, freq 48000, mode 0201008a
[LOG] System::createSoundInternal              :     1 subsounds detected.
[LOG] System::createSoundInternal              :     Seek stream to start
[LOG] System::createSoundInternal              :     flush stream buffer
[LOG] System::createSoundInternal              :     flush successful.
[LOG] System::createSoundInternal              :     switch file handle from small blocking single buffered to large nonblocking doublebuffered.
[LOG] SystemI::createSoundInternal             :     done.  OpenState now = FMOD_OPENSTATE_READY.

[LOG] AsyncThread::threadFunc                  : Finished Asynchronous operation on sound 00000001873D8A88
[LOG] AsyncThread::threadFunc                  : Starting Asynchronous operation on sound 00000001873D83C8
[LOG] SystemI::createSoundInternal             :     filename = Assets\FMOD_TEMPLATE\Build\Desktop/Master Bank.bank : mode 02010082
[LOG] SystemI::createSoundInternal             :     exinfo->cbsize             = 232
[LOG] SystemI::createSoundInternal             :     exinfo->length             = 62237344
[LOG] SystemI::createSoundInternal             :     exinfo->fileoffset         = 159872
[LOG] SystemI::createSoundInternal             :     exinfo->numsubsounds       = 1
[LOG] SystemI::createSoundInternal             :     exinfo->inclusionlist      = 000000018AC88F78
[LOG] SystemI::createSoundInternal             :     exinfo->inclusionlistnum   = 1
[LOG] SystemI::createSoundInternal             :     exinfo->suggestedsoundtype = 5
[LOG] SystemI::createSoundInternal             :     exinfo->initialseekpostype = 1
[LOG] SystemI::createSoundInternal             :     Format has 1 subsounds.
[LOG] SystemI::createSoundInternal             :     Create as FMOD_CREATESTREAM
[LOG] System::createSoundInternal              :     decode buffersize = 19200 : blocksize = 256 : format = 2
[LOG] SystemI::createSample                    :     mode 02010082 length 19200 samples, lengthbytes 852992
[LOG] SystemI::createSample                    :     channels = 2
[LOG] SystemI::createSample                    :     output = 0000000138E84A58
[LOG] OutputSoftware::createSample             :     lengthpcm 19200, lengthbytes 852992, channels 2, format 2, freq 48000, mode 0201008a
[LOG] System::createSoundInternal              :     1 subsounds detected.
[LOG] System::createSoundInternal              :     Seek stream to start
[LOG] System::createSoundInternal              :     flush stream buffer
[LOG] System::createSoundInternal              :     flush successful.
[LOG] System::createSoundInternal              :     switch file handle from small blocking single buffered to large nonblocking doublebuffered.
[LOG] SystemI::createSoundInternal             :     done.  OpenState now = FMOD_OPENSTATE_READY.

[LOG] AsyncThread::threadFunc                  : Finished Asynchronous operation on sound 00000001873D83C8
[LOG] AsyncThread::threadFunc                  : Starting Asynchronous operation on sound 00000001873D9148
[LOG] SystemI::createSoundInternal             :     filename = Assets\FMOD_TEMPLATE\Build\Desktop/Master Bank.bank : mode 02010082
[LOG] SystemI::createSoundInternal             :     exinfo->cbsize             = 232
[LOG] SystemI::createSoundInternal             :     exinfo->length             = 62237344
[LOG] SystemI::createSoundInternal             :     exinfo->fileoffset         = 159872
[LOG] SystemI::createSoundInternal             :     exinfo->numsubsounds       = 1
[LOG] SystemI::createSoundInternal             :     exinfo->inclusionlist      = 000000018AC890C8
[LOG] SystemI::createSoundInternal             :     exinfo->inclusionlistnum   = 1
[LOG] SystemI::createSoundInternal             :     exinfo->suggestedsoundtype = 5
[LOG] SystemI::createSoundInternal             :     exinfo->initialseekpostype = 1
[LOG] SystemI::createSoundInternal             :     Format has 1 subsounds.
[LOG] SystemI::createSoundInternal             :     Create as FMOD_CREATESTREAM
[LOG] System::createSoundInternal              :     decode buffersize = 19200 : blocksize = 256 : format = 2
[LOG] SystemI::createSample                    :     mode 02010082 length 19200 samples, lengthbytes 852992
[LOG] SystemI::createSample                    :     channels = 2
[LOG] SystemI::createSample                    :     output = 0000000138E84A58
[LOG] OutputSoftware::createSample             :     lengthpcm 19200, lengthbytes 852992, channels 2, format 2, freq 48000, mode 0201008a
[LOG] System::createSoundInternal              :     1 subsounds detected.
[LOG] System::createSoundInternal              :     Seek stream to start
[LOG] System::createSoundInternal              :     flush stream buffer
[LOG] System::createSoundInternal              :     flush successful.
[LOG] System::createSoundInternal              :     switch file handle from small blocking single buffered to large nonblocking doublebuffered.
[LOG] SystemI::createSoundInternal             :     done.  OpenState now = FMOD_OPENSTATE_READY.

[LOG] AsyncThread::threadFunc                  : Finished Asynchronous operation on sound 00000001873D9148
[LOG] AsyncThread::threadFunc                  : Starting Asynchronous operation on sound 00000001873D8578
[LOG] SystemI::createSoundInternal             :     filename = Assets\FMOD_TEMPLATE\Build\Desktop/Master Bank.bank : mode 02010082
[LOG] SystemI::createSoundInternal             :     exinfo->cbsize             = 232
[LOG] SystemI::createSoundInternal             :     exinfo->length             = 62237344
[LOG] SystemI::createSoundInternal             :     exinfo->fileoffset         = 159872
[LOG] SystemI::createSoundInternal             :     exinfo->numsubsounds       = 1
[LOG] SystemI::createSoundInternal             :     exinfo->inclusionlist      = 000000018AC87928
[LOG] SystemI::createSoundInternal             :     exinfo->inclusionlistnum   = 1
[LOG] SystemI::createSoundInternal             :     exinfo->suggestedsoundtype = 5
[LOG] SystemI::createSoundInternal             :     exinfo->initialseekpostype = 1
[LOG] SystemI::createSoundInternal             :     Format has 1 subsounds.
[LOG] SystemI::createSoundInternal             :     Create as FMOD_CREATESTREAM
[LOG] System::createSoundInternal              :     decode buffersize = 19200 : blocksize = 256 : format = 2
[LOG] SystemI::createSample                    :     mode 02010082 length 19200 samples, lengthbytes 852992
[LOG] SystemI::createSample                    :     channels = 2
[LOG] SystemI::createSample                    :     output = 0000000138E84A58
[LOG] OutputSoftware::createSample             :     lengthpcm 19200, lengthbytes 852992, channels 2, format 2, freq 48000, mode 0201008a
[LOG] System::createSoundInternal              :     1 subsounds detected.
[LOG] System::createSoundInternal              :     Seek stream to start
[LOG] System::createSoundInternal              :     flush stream buffer
[LOG] System::createSoundInternal              :     flush successful.
[LOG] System::createSoundInternal              :     switch file handle from small blocking single buffered to large nonblocking doublebuffered.
[LOG] SystemI::createSoundInternal             :     done.  OpenState now = FMOD_OPENSTATE_READY.

[LOG] AsyncThread::threadFunc                  : Finished Asynchronous operation on sound 00000001873D8578
[LOG] AsyncThread::threadFunc                  : Starting Asynchronous operation on sound 00000001873D8DE8
[LOG] SystemI::createSoundInternal             :     filename = Assets\FMOD_TEMPLATE\Build\Desktop/Master Bank.bank : mode 02010082
[LOG] SystemI::createSoundInternal             :     exinfo->cbsize             = 232
[LOG] SystemI::createSoundInternal             :     exinfo->length             = 62237344
[LOG] SystemI::createSoundInternal             :     exinfo->fileoffset         = 159872
[LOG] SystemI::createSoundInternal             :     exinfo->numsubsounds       = 1
[LOG] SystemI::createSoundInternal             :     exinfo->inclusionlist      = 000000018AC87BC8
[LOG] SystemI::createSoundInternal             :     exinfo->inclusionlistnum   = 1
[LOG] SystemI::createSoundInternal             :     exinfo->suggestedsoundtype = 5
[LOG] SystemI::createSoundInternal             :     exinfo->initialseekpostype = 1
[LOG] SystemI::createSoundInternal             :     Format has 1 subsounds.
[LOG] SystemI::createSoundInternal             :     Create as FMOD_CREATESTREAM
[LOG] System::createSoundInternal              :     decode buffersize = 19200 : blocksize = 256 : format = 2
[LOG] SystemI::createSample                    :     mode 02010082 length 19200 samples, lengthbytes 852992
[LOG] SystemI::createSample                    :     channels = 2
[LOG] SystemI::createSample                    :     output = 0000000138E84A58
[LOG] OutputSoftware::createSample             :     lengthpcm 19200, lengthbytes 852992, channels 2, format 2, freq 48000, mode 0201008a
[LOG] System::createSoundInternal              :     1 subsounds detected.
[LOG] System::createSoundInternal              :     Seek stream to start
[LOG] System::createSoundInternal              :     flush stream buffer
[LOG] System::createSoundInternal              :     flush successful.
[LOG] System::createSoundInternal              :     switch file handle from small blocking single buffered to large nonblocking doublebuffered.
[LOG] SystemI::createSoundInternal             :     done.  OpenState now = FMOD_OPENSTATE_READY.

[LOG] AsyncThread::threadFunc                  : Finished Asynchronous operation on sound 00000001873D8DE8
[LOG] AsyncThread::threadFunc                  : Starting Asynchronous operation on sound 00000001873D92F8
[LOG] SystemI::createSoundInternal             :     filename = Assets\FMOD_TEMPLATE\Build\Desktop/Master Bank.bank : mode 02010082
[LOG] SystemI::createSoundInternal             :     exinfo->cbsize             = 232
[LOG] SystemI::createSoundInternal             :     exinfo->length             = 62237344
[LOG] SystemI::createSoundInternal             :     exinfo->fileoffset         = 159872
[LOG] SystemI::createSoundInternal             :     exinfo->numsubsounds       = 1
[LOG] SystemI::createSoundInternal             :     exinfo->inclusionlist      = 000000018AC883A8
[LOG] SystemI::createSoundInternal             :     exinfo->inclusionlistnum   = 1
[LOG] SystemI::createSoundInternal             :     exinfo->suggestedsoundtype = 5
[LOG] SystemI::createSoundInternal             :     exinfo->initialseekpostype = 1
[LOG] SystemI::createSoundInternal             :     Format has 1 subsounds.
[LOG] SystemI::createSoundInternal             :     Create as FMOD_CREATESTREAM
[LOG] System::createSoundInternal              :     decode buffersize = 19200 : blocksize = 256 : format = 2
[LOG] SystemI::createSample                    :     mode 02010082 length 19200 samples, lengthbytes 852992
[LOG] SystemI::createSample                    :     channels = 2
[LOG] SystemI::createSample                    :     output = 0000000138E84A58
[LOG] OutputSoftware::createSample             :     lengthpcm 19200, lengthbytes 852992, channels 2, format 2, freq 48000, mode 0201008a
[LOG] System::createSoundInternal              :     1 subsounds detected.
[LOG] System::createSoundInternal              :     Seek stream to start
[LOG] System::createSoundInternal              :     flush stream buffer
[LOG] System::createSoundInternal              :     flush successful.
[LOG] System::createSoundInternal              :     switch file handle from small blocking single buffered to large nonblocking doublebuffered.
[LOG] SystemI::createSoundInternal             :     done.  OpenState now = FMOD_OPENSTATE_READY.

[LOG] AsyncThread::threadFunc                  : Finished Asynchronous operation on sound 00000001873D92F8
[LOG] AsyncThread::threadFunc                  : Starting Asynchronous operation on sound 00000001873D9B68
[LOG] SystemI::createSoundInternal             :     filename = Assets\FMOD_TEMPLATE\Build\Desktop/Master Bank.bank : mode 02010082
[LOG] SystemI::createSoundInternal             :     exinfo->cbsize             = 232
[LOG] SystemI::createSoundInternal             :     exinfo->length             = 62237344
[LOG] SystemI::createSoundInternal             :     exinfo->fileoffset         = 159872
[LOG] SystemI::createSoundInternal             :     exinfo->numsubsounds       = 1
[LOG] SystemI::createSoundInternal             :     exinfo->inclusionlist      = 000000018AC87298
[LOG] SystemI::createSoundInternal             :     exinfo->inclusionlistnum   = 1
[LOG] SystemI::createSoundInternal             :     exinfo->suggestedsoundtype = 5
[LOG] SystemI::createSoundInternal             :     exinfo->initialseekpostype = 1
[LOG] SystemI::createSoundInternal             :     Format has 1 subsounds.
[LOG] SystemI::createSoundInternal             :     Create as FMOD_CREATESTREAM
[LOG] System::createSoundInternal              :     decode buffersize = 19200 : blocksize = 256 : format = 2
[LOG] SystemI::createSample                    :     mode 02010082 length 19200 samples, lengthbytes 852992
[LOG] SystemI::createSample                    :     channels = 2
[LOG] SystemI::createSample                    :     output = 0000000138E84A58
[LOG] OutputSoftware::createSample             :     lengthpcm 19200, lengthbytes 852992, channels 2, format 2, freq 48000, mode 0201008a
[LOG] System::createSoundInternal              :     1 subsounds detected.
[LOG] System::createSoundInternal              :     Seek stream to start
[LOG] System::createSoundInternal              :     flush stream buffer
[LOG] System::createSoundInternal              :     flush successful.
[LOG] System::createSoundInternal              :     switch file handle from small blocking single buffered to large nonblocking doublebuffered.
[LOG] SystemI::createSoundInternal             :     done.  OpenState now = FMOD_OPENSTATE_READY.

[LOG] AsyncThread::threadFunc                  : Finished Asynchronous operation on sound 00000001873D9B68
[LOG] AsyncThread::threadFunc                  : Starting Asynchronous operation on sound 00000001873D94A8
[LOG] SystemI::createSoundInternal             :     filename = Assets\FMOD_TEMPLATE\Build\Desktop/Master Bank.bank : mode 02010082
[LOG] SystemI::createSoundInternal             :     exinfo->cbsize             = 232
[LOG] SystemI::createSoundInternal             :     exinfo->length             = 62237344
[LOG] SystemI::createSoundInternal             :     exinfo->fileoffset         = 159872
[LOG] SystemI::createSoundInternal             :     exinfo->numsubsounds       = 1
[LOG] SystemI::createSoundInternal             :     exinfo->inclusionlist      = 000000018AC88B88
[LOG] SystemI::createSoundInternal             :     exinfo->inclusionlistnum   = 1
[LOG] SystemI::createSoundInternal             :     exinfo->suggestedsoundtype = 5
[LOG] SystemI::createSoundInternal             :     exinfo->initialseekpostype = 1
[LOG] SystemI::createSoundInternal             :     Format has 1 subsounds.
[LOG] SystemI::createSoundInternal             :     Create as FMOD_CREATESTREAM
[LOG] System::createSoundInternal              :     decode buffersize = 19200 : blocksize = 256 : format = 2
[LOG] SystemI::createSample                    :     mode 02010082 length 19200 samples, lengthbytes 1294240
[LOG] SystemI::createSample                    :     channels = 2
[LOG] SystemI::createSample                    :     output = 0000000138E84A58
[LOG] OutputSoftware::createSample             :     lengthpcm 19200, lengthbytes 1294240, channels 2, format 2, freq 48000, mode 0201008a
[LOG] System::createSoundInternal              :     1 subsounds detected.
[LOG] System::createSoundInternal              :     Seek stream to start
[LOG] System::createSoundInternal              :     flush stream buffer
[LOG] System::createSoundInternal              :     flush successful.
[LOG] System::createSoundInternal              :     switch file handle from small blocking single buffered to large nonblocking doublebuffered.
[LOG] SystemI::createSoundInternal             :     done.  OpenState now = FMOD_OPENSTATE_READY.

[LOG] AsyncThread::threadFunc                  : Finished Asynchronous operation on sound 00000001873D94A8
[LOG] AsyncThread::threadFunc                  : Starting Asynchronous operation on sound 00000001873D9658
[LOG] SystemI::createSoundInternal             :     filename = Assets\FMOD_TEMPLATE\Build\Desktop/Master Bank.bank : mode 02010082
[LOG] SystemI::createSoundInternal             :     exinfo->cbsize             = 232
[LOG] SystemI::createSoundInternal             :     exinfo->length             = 62237344
[LOG] SystemI::createSoundInternal             :     exinfo->fileoffset         = 159872
[LOG] SystemI::createSoundInternal             :     exinfo->numsubsounds       = 1
[LOG] SystemI::createSoundInternal             :     exinfo->inclusionlist      = 000000018AC88108
[LOG] SystemI::createSoundInternal             :     exinfo->inclusionlistnum   = 1
[LOG] SystemI::createSoundInternal             :     exinfo->suggestedsoundtype = 5
[LOG] SystemI::createSoundInternal             :     exinfo->initialseekpostype = 1
[LOG] SystemI::createSoundInternal             :     Format has 1 subsounds.
[LOG] SystemI::createSoundInternal             :     Create as FMOD_CREATESTREAM
[LOG] System::createSoundInternal              :     decode buffersize = 19200 : blocksize = 256 : format = 2
[LOG] SystemI::createSample                    :     mode 02010082 length 19200 samples, lengthbytes 852992
[LOG] SystemI::createSample                    :     channels = 2
[LOG] SystemI::createSample                    :     output = 0000000138E84A58
[LOG] OutputSoftware::createSample             :     lengthpcm 19200, lengthbytes 852992, channels 2, format 2, freq 48000, mode 0201008a
[LOG] System::createSoundInternal              :     1 subsounds detected.
[LOG] System::createSoundInternal              :     Seek stream to start
[LOG] System::createSoundInternal              :     flush stream buffer
[LOG] System::createSoundInternal              :     flush successful.
[LOG] System::createSoundInternal              :     switch file handle from small blocking single buffered to large nonblocking doublebuffered.
[LOG] SystemI::createSoundInternal             :     done.  OpenState now = FMOD_OPENSTATE_READY.

[LOG] AsyncThread::threadFunc                  : Finished Asynchronous operation on sound 00000001873D9658
[LOG] AsyncThread::threadFunc                  : Starting Asynchronous operation on sound 0000000138F9F748
[LOG] SystemI::createSoundInternal             :     filename = Assets\FMOD_TEMPLATE\Build\Desktop/Master Bank.bank : mode 02010082
[LOG] SystemI::createSoundInternal             :     exinfo->cbsize             = 232
[LOG] SystemI::createSoundInternal             :     exinfo->length             = 62237344
[LOG] SystemI::createSoundInternal             :     exinfo->fileoffset         = 159872
[LOG] SystemI::createSoundInternal             :     exinfo->numsubsounds       = 1
[LOG] SystemI::createSoundInternal             :     exinfo->inclusionlist      = 000000018AC888E8
[LOG] SystemI::createSoundInternal             :     exinfo->inclusionlistnum   = 1
[LOG] SystemI::createSoundInternal             :     exinfo->suggestedsoundtype = 5
[LOG] SystemI::createSoundInternal             :     exinfo->initialseekpostype = 1
[LOG] SystemI::createSoundInternal             :     Format has 1 subsounds.
[LOG] SystemI::createSoundInternal             :     Create as FMOD_CREATESTREAM
[LOG] System::createSoundInternal              :     decode buffersize = 19200 : blocksize = 256 : format = 2
[LOG] SystemI::createSample                    :     mode 02010082 length 19200 samples, lengthbytes 852992
[LOG] SystemI::createSample                    :     channels = 2
[LOG] SystemI::createSample                    :     output = 0000000138E84A58
[LOG] OutputSoftware::createSample             :     lengthpcm 19200, lengthbytes 852992, channels 2, format 2, freq 48000, mode 0201008a
[LOG] System::createSoundInternal              :     1 subsounds detected.
[LOG] System::createSoundInternal              :     Seek stream to start
[LOG] System::createSoundInternal              :     flush stream buffer
[LOG] System::createSoundInternal              :     flush successful.
[LOG] System::createSoundInternal              :     switch file handle from small blocking single buffered to large nonblocking doublebuffered.
[LOG] SystemI::createSoundInternal             :     done.  OpenState now = FMOD_OPENSTATE_READY.

[LOG] AsyncThread::threadFunc                  : Finished Asynchronous operation on sound 0000000138F9F748
[LOG] AsyncThread::threadFunc                  : Starting Asynchronous operation on sound 0000000138FA0678
[LOG] SystemI::createSoundInternal             :     filename = Assets\FMOD_TEMPLATE\Build\Desktop/Master Bank.bank : mode 02010082
[LOG] SystemI::createSoundInternal             :     exinfo->cbsize             = 232
[LOG] SystemI::createSoundInternal             :     exinfo->length             = 62237344
[LOG] SystemI::createSoundInternal             :     exinfo->fileoffset         = 159872
[LOG] SystemI::createSoundInternal             :     exinfo->numsubsounds       = 1
[LOG] SystemI::createSoundInternal             :     exinfo->inclusionlist      = 000000018AC87538
[LOG] SystemI::createSoundInternal             :     exinfo->inclusionlistnum   = 1
[LOG] SystemI::createSoundInternal             :     exinfo->suggestedsoundtype = 5
[LOG] SystemI::createSoundInternal             :     exinfo->initialseekpostype = 1
[LOG] SystemI::createSoundInternal             :     Format has 1 subsounds.
[LOG] SystemI::createSoundInternal             :     Create as FMOD_CREATESTREAM
[LOG] System::createSoundInternal              :     decode buffersize = 19200 : blocksize = 256 : format = 2
[LOG] SystemI::createSample                    :     mode 02010082 length 19200 samples, lengthbytes 852992
[LOG] SystemI::createSample                    :     channels = 2
[LOG] SystemI::createSample                    :     output = 0000000138E84A58
[LOG] OutputSoftware::createSample             :     lengthpcm 19200, lengthbytes 852992, channels 2, format 2, freq 48000, mode 0201008a
[LOG] System::createSoundInternal              :     1 subsounds detected.
[LOG] System::createSoundInternal              :     Seek stream to start
[LOG] System::createSoundInternal              :     flush stream buffer
[LOG] System::createSoundInternal              :     flush successful.
[LOG] System::createSoundInternal              :     switch file handle from small blocking single buffered to large nonblocking doublebuffered.
[LOG] SystemI::createSoundInternal             :     done.  OpenState now = FMOD_OPENSTATE_READY.

[LOG] AsyncThread::threadFunc                  : Finished Asynchronous operation on sound 0000000138FA0678
[LOG] SoundI::getSubSound                      : sound 00000001873D8728.  Subsound index 0 / 1
[LOG] SoundI::getSubSound                      : sound 00000001873D8F98.  Subsound index 0 / 1
[LOG] SoundI::getSubSound                      : sound 00000001873D8C38.  Subsound index 0 / 1
[LOG] SoundI::getSubSound                      : sound 00000001873D88D8.  Subsound index 0 / 1
[LOG] SoundI::getSubSound                      : sound 00000001873D8218.  Subsound index 0 / 1
[LOG] SoundI::getSubSound                      : sound 00000001873D8A88.  Subsound index 0 / 1
[LOG] SoundI::getSubSound                      : sound 00000001873D83C8.  Subsound index 0 / 1
[LOG] SoundI::getSubSound                      : sound 00000001873D9148.  Subsound index 0 / 1
[LOG] SoundI::getSubSound                      : sound 00000001873D8578.  Subsound index 0 / 1
[LOG] SoundI::getSubSound                      : sound 00000001873D8DE8.  Subsound index 0 / 1
[LOG] SoundI::getSubSound                      : sound 00000001873D92F8.  Subsound index 0 / 1
[LOG] SoundI::getSubSound                      : sound 00000001873D9B68.  Subsound index 0 / 1
[LOG] SoundI::getSubSound                      : sound 00000001873D9658.  Subsound index 0 / 1
[LOG] SoundI::getSubSound                      : sound 0000000138F9F748.  Subsound index 0 / 1
[LOG] SoundI::getSubSound                      : sound 0000000138FA0678.  Subsound index 0 / 1
[LOG] SoundI::getSubSound                      : sound 00000001873D94A8.  Subsound index 0 / 1
[LOG] SoundI::getSubSound                      : starting non blocking seek and setting sound to not ready state
[LOG] SoundI::getSubSound                      : finished preparing nonblocking getSubSound seek
[LOG] AsyncThread::threadFunc                  : Starting Asynchronous operation on sound 000000018B13BED8
[LOG] SystemI::createSound                     :     filename = Assets\FMOD_TEMPLATE\Build\Desktop/Master Bank.bank : mode 02010082
[LOG] AsyncThread::threadFunc                  :     done setposition
[LOG] SystemI::createSound                     :     FMOD_NONBLOCKING specified.  Putting into queue to be opened asynchronously!
[LOG] SystemI::createSound                     :     setdata soundi = 00000000F2675348 : node = 000000018701E600
[LOG] SystemI::createSound                     :     add node to async list : head = 00000001867DFAB8.  list count = 0
[LOG] AsyncThread::threadFunc                  :     done flush
[LOG] AsyncThread::threadFunc                  : Finished Asynchronous operation on sound 000000018B13BED8
[LOG] AsyncThread::threadFunc                  : Starting Asynchronous operation on sound 00000000F2675348
[LOG] SystemI::createSoundInternal             :     filename = Assets\FMOD_TEMPLATE\Build\Desktop/Master Bank.bank : mode 02010082
[LOG] SystemI::createSoundInternal             :     exinfo->cbsize             = 232
[LOG] SystemI::createSoundInternal             :     exinfo->length             = 62237344
[LOG] SystemI::createSoundInternal             :     exinfo->fileoffset         = 159872
[LOG] SystemI::createSoundInternal             :     exinfo->numsubsounds       = 1
[LOG] SystemI::createSoundInternal             :     exinfo->inclusionlist      = 000000018701E718
[LOG] SystemI::createSoundInternal             :     exinfo->inclusionlistnum   = 1
[LOG] SystemI::createSoundInternal             :     exinfo->suggestedsoundtype = 5
[LOG] SystemI::createSoundInternal             :     exinfo->initialseekpostype = 1
[LOG] SystemI::createSoundInternal             :     Format has 1 subsounds.
[LOG] SystemI::createSoundInternal             :     Create as FMOD_CREATESTREAM
[LOG] System::createSoundInternal              :     decode buffersize = 19200 : blocksize = 256 : format = 2
[LOG] SystemI::createSample                    :     mode 02010082 length 19200 samples, lengthbytes 736480
[LOG] SystemI::createSample                    :     channels = 2
[LOG] SystemI::createSample                    :     output = 0000000138E84A58
[LOG] OutputSoftware::createSample             :     lengthpcm 19200, lengthbytes 736480, channels 2, format 2, freq 48000, mode 0201008a
[LOG] System::createSoundInternal              :     1 subsounds detected.
[LOG] System::createSoundInternal              :     Seek stream to start
[LOG] System::createSoundInternal              :     flush stream buffer
[LOG] System::createSoundInternal              :     flush successful.
[LOG] System::createSoundInternal              :     switch file handle from small blocking single buffered to large nonblocking doublebuffered.
[LOG] SystemI::createSoundInternal             :     done.  OpenState now = FMOD_OPENSTATE_READY.

[LOG] AsyncThread::threadFunc                  : Finished Asynchronous operation on sound 00000000F2675348
[LOG] SoundI::getSubSound                      : sound 00000000F2675348.  Subsound index 0 / 1
